\BOOKMARK [0][]{chapter*.1}{\376\377\144\130\211\201}{}% 1
\BOOKMARK [0][]{ustctoc.0}{\376\377\166\356\137\125}{}% 2
\BOOKMARK [0][]{chapter.1}{\376\377\173\054\0001\172\340\000\040\000\040\173\200\116\313}{}% 3
\BOOKMARK [1][-]{section.1.1}{\376\377\0001\000.\0001\000\040\166\356\166\204}{chapter.1}% 4
\BOOKMARK [0][]{chapter.2}{\376\377\173\054\0002\172\340\000\040\000\040\140\073\117\123\151\202\217\360}{}% 5
\BOOKMARK [1][-]{section.2.1}{\376\377\0002\000.\0001\000\040\217\157\116\366\151\202\217\360}{chapter.2}% 6
\BOOKMARK [2][-]{subsection.2.1.1}{\376\377\0002\000.\0001\000.\0001\000\040\230\171\166\356\116\313\176\315}{section.2.1}% 7
\BOOKMARK [1][-]{section.2.2}{\376\377\0002\000.\0002\000\040\217\157\116\366\122\237\200\375}{chapter.2}% 8
\BOOKMARK [2][-]{subsection.2.2.1}{\376\377\0002\000.\0002\000.\0001\000\040\145\207\133\127\213\364\146\016}{section.2.2}% 9
\BOOKMARK [2][-]{subsection.2.2.2}{\376\377\0002\000.\0002\000.\0002\000\040\165\050\142\067\165\050\117\213\126\376}{section.2.2}% 10
\BOOKMARK [2][-]{subsection.2.2.3}{\376\377\0002\000.\0002\000.\0003\000\040\230\165\227\142\155\101\126\376}{section.2.2}% 11
\BOOKMARK [2][-]{subsection.2.2.4}{\376\377\0002\000.\0002\000.\0004\000\040\230\165\227\142\213\364\146\016}{section.2.2}% 12
\BOOKMARK [1][-]{section.2.3}{\376\377\0002\000.\0003\000\040\165\050\142\067\162\171\137\201}{chapter.2}% 13
\BOOKMARK [1][-]{section.2.4}{\376\377\0002\000.\0004\000\040\120\107\213\276\124\214\117\235\215\126\121\163\174\373}{chapter.2}% 14
\BOOKMARK [0][]{chapter.3}{\376\377\173\054\0003\172\340\000\040\000\040\121\167\117\123\227\000\154\102}{}% 15
\BOOKMARK [1][-]{section.3.1}{\376\377\0003\000.\0001\000\040\122\237\200\375\227\000\154\102}{chapter.3}% 16
\BOOKMARK [2][-]{subsection.3.1.1}{\376\377\0003\000.\0001\000.\0001\000\040\000U\000R\000S\000\137\000B\000r\000o\000w\000s\000e\000\137\000F\0000\0001\000\040\155\117\211\310\166\356\137\125}{section.3.1}% 17
\BOOKMARK [2][-]{subsection.3.1.2}{\376\377\0003\000.\0001\000.\0002\000\040\000U\000R\000S\000\137\000S\000e\000a\000r\000c\000h\000\137\000F\0000\0002\000\040\144\034\175\042\227\363\116\120}{section.3.1}% 18
\BOOKMARK [2][-]{subsection.3.1.3}{\376\377\0003\000.\0001\000.\0003\000\040\000U\000R\000S\000\137\000S\000h\000a\000r\000e\000\137\000F\0000\0003\000\040\122\006\116\253\377\010\116\023\217\221\000/\153\114\123\125\000/\123\125\146\362\377\011}{section.3.1}% 19
\BOOKMARK [2][-]{subsection.3.1.4}{\376\377\0003\000.\0001\000.\0004\000\040\000U\000R\000S\000\137\000L\000o\000o\000k\000-\000u\000p\000\137\000F\0000\0004\000\040\147\345\167\013\122\006\116\253}{section.3.1}% 20
\BOOKMARK [2][-]{subsection.3.1.5}{\376\377\0003\000.\0001\000.\0005\000\040\000U\000R\000S\000\137\000M\000a\000r\000k\000\137\000F\0000\0005\213\304\122\006}{section.3.1}% 21
\BOOKMARK [2][-]{subsection.3.1.6}{\376\377\0003\000.\0001\000.\0006\000\040\000U\000R\000S\000\137\000C\000h\000a\000r\000t\000s\000\137\000F\0000\0006\000\040\143\222\210\114\151\234}{section.3.1}% 22
\BOOKMARK [2][-]{subsection.3.1.7}{\376\377\0003\000.\0001\000.\0007\000\040\000U\000R\000S\000\137\000R\000e\000c\000o\000-\000S\000o\000n\000g\000s\000\137\000F\0000\0007\000\040\143\250\203\120\153\114\146\362}{section.3.1}% 23
\BOOKMARK [2][-]{subsection.3.1.8}{\376\377\0003\000.\0001\000.\0008\000\040\000U\000R\000S\000\137\000L\000o\000g\000i\000n\000\137\000F\0000\0008\000\040\215\046\142\067\166\173\226\106}{section.3.1}% 24
\BOOKMARK [2][-]{subsection.3.1.9}{\376\377\0003\000.\0001\000.\0009\000\040\000U\000R\000S\000\137\000R\000e\000g\000i\000s\000t\000e\000r\000\137\000F\0000\0009\000\040\215\046\142\067\154\350\121\214}{section.3.1}% 25
\BOOKMARK [2][-]{subsection.3.1.10}{\376\377\0003\000.\0001\000.\0001\0000\000\040\000U\000R\000S\000\137\000L\000o\000g\000o\000u\000t\000\137\000F\0000\0001\0000\000\040\215\046\142\067\154\350\225\000}{section.3.1}% 26
\BOOKMARK [2][-]{subsection.3.1.11}{\376\377\0003\000.\0001\000.\0001\0001\000\040\000U\000R\000S\000\137\000B\000i\000n\000d\000\137\000F\0000\0001\0001\000\040\176\321\133\232\117\341\165\050\123\141}{section.3.1}% 27
\BOOKMARK [2][-]{subsection.3.1.12}{\376\377\0003\000.\0001\000.\0001\0002\000\040\000U\000R\000S\000\137\000O\000r\000d\000e\000r\000\137\000F\0000\0001\0002\000\040\134\006\153\114\146\362\122\240\121\145\215\055\162\151\217\146}{section.3.1}% 28
\BOOKMARK [2][-]{subsection.3.1.13}{\376\377\0003\000.\0001\000.\0001\0003\000\040\000U\000R\000S\000\137\000L\000o\000o\000k\000-\000c\000a\000r\000t\000\137\000F\0000\0001\0003\000\040\147\345\167\013\215\055\162\151\217\146}{section.3.1}% 29
\BOOKMARK [2][-]{subsection.3.1.14}{\376\377\0003\000.\0001\000.\0001\0004\000\040\000U\000R\000S\000\137\000C\000o\000m\000p\000i\000l\000e\000-\000b\000i\000l\000l\000\137\000F\0000\0001\0004\000\040\177\026\217\221\215\046\123\125\116\345\123\312\125\106\124\301\146\016\176\306}{section.3.1}% 30
\BOOKMARK [2][-]{subsection.3.1.15}{\376\377\0003\000.\0001\000.\0001\0005\000\040\000U\000R\000S\000\137\000S\000e\000t\000t\000l\000e\000-\000A\000c\000c\000o\000u\000n\000t\000s\000\137\000F\0000\0001\0005\000\040\176\323\173\227}{section.3.1}% 31
\BOOKMARK [2][-]{subsection.3.1.16}{\376\377\0003\000.\0001\000.\0001\0006\000\040\000U\000R\000S\000\137\000P\000l\000a\000y\000-\000O\000n\000l\000i\000n\000e\000\137\000F\0000\0001\0006\000\040\127\050\176\277\227\363\116\120\144\255\145\076}{section.3.1}% 32
\BOOKMARK [2][-]{subsection.3.1.17}{\376\377\0003\000.\0001\000.\0001\0007\000\040\000U\000R\000S\000\137\000D\000o\000w\000n\000l\000o\000a\000d\000\137\000F\0000\0001\0007\000\040\127\050\176\277\227\363\116\120\116\013\217\175}{section.3.1}% 33
\BOOKMARK [2][-]{subsection.3.1.18}{\376\377\0003\000.\0001\000.\0001\0008\000\040\000U\000R\000S\000\137\000C\000r\000e\000a\000t\000-\000S\000h\000e\000e\000t\000\137\000F\0000\0001\0008\000\040\153\114\123\125\122\033\136\372}{section.3.1}% 34
\BOOKMARK [2][-]{subsection.3.1.19}{\376\377\0003\000.\0001\000.\0001\0009\000\040\000U\000R\000S\000\137\000A\000d\000d\000-\000S\000o\000n\000g\000s\000\137\000F\0000\0001\0009\000\040\153\114\146\362\155\373\122\240}{section.3.1}% 35
\BOOKMARK [2][-]{subsection.3.1.20}{\376\377\0003\000.\0001\000.\0002\0000\000\040\000U\000R\000S\000\137\000D\000e\000l\000e\000t\000e\000-\000S\000h\000e\000e\000t\000\137\000F\0000\0002\0000\000\040\153\114\123\125\122\040\226\144}{section.3.1}% 36
\BOOKMARK [2][-]{subsection.3.1.21}{\376\377\0003\000.\0001\000.\0002\0001\000\040\000U\000R\000S\000\137\000D\000e\000l\000e\000t\000e\000-\000S\000o\000n\000g\000s\000\137\000F\0000\0002\0001\000\040\153\114\123\125\177\026\217\221}{section.3.1}% 37
\BOOKMARK [2][-]{subsection.3.1.22}{\376\377\0003\000.\0001\000.\0002\0002\000\040\000U\000R\000S\000\137\000L\000a\000n\000d\000\137\000F\0000\0002\0002\000\040\174\373\176\337\166\173\137\125\227\000\154\102}{section.3.1}% 38
\BOOKMARK [2][-]{subsection.3.1.23}{\376\377\0003\000.\0001\000.\0002\0003\000\040\000U\000R\000S\000\137\000C\000r\000e\000a\000t\000-\000i\000n\000d\000e\000x\000\137\000F\0000\0002\0003\000\040\116\072\166\356\137\125\122\033\136\372\124\214\155\373\122\240\145\260\174\173\122\053\377\010\116\023\217\221\000\040\000/\000\040\202\172\147\057\133\266\000\040\000/\000\040\155\101\155\076\000\040\060\001\123\125\146\362\377\011}{section.3.1}% 39
\BOOKMARK [2][-]{subsection.3.1.24}{\376\377\0003\000.\0001\000.\0002\0004\000\040\000U\000R\000S\000\137\000D\000e\000l\000e\000t\000e\000-\000i\000n\000d\000e\000x\000\137\000F\0000\0002\0004\000\040\116\072\166\356\137\125\122\040\226\144\174\173\122\053\377\010\116\023\217\221\000\040\000/\000\040\202\172\147\057\133\266\000\040\000/\000\040\155\101\155\076\000\040\000/\000\040\123\125\146\362\000\040\377\011}{section.3.1}% 40
\BOOKMARK [1][-]{section.3.2}{\376\377\0003\000.\0002\000\040\140\047\200\375\227\000\154\102}{chapter.3}% 41
\BOOKMARK [1][-]{section.3.3}{\376\377\0003\000.\0003\000\040\131\026\220\350\143\245\123\343\227\000\154\102}{chapter.3}% 42
\BOOKMARK [2][-]{subsection.3.3.1}{\376\377\0003\000.\0003\000.\0001\000\040\165\050\142\067\143\245\123\343}{section.3.3}% 43
\BOOKMARK [2][-]{subsection.3.3.2}{\376\377\0003\000.\0003\000.\0002\000\040\217\157\116\366\143\245\123\343}{section.3.3}% 44
\BOOKMARK [2][-]{subsection.3.3.3}{\376\377\0003\000.\0003\000.\0003\000\040\170\154\116\366\143\245\123\343}{section.3.3}% 45
\BOOKMARK [2][-]{subsection.3.3.4}{\376\377\0003\000.\0003\000.\0004\000\040\220\032\213\257\143\245\123\343}{section.3.3}% 46
\BOOKMARK [0][]{chapter.4}{\376\377\173\054\0004\172\340\000\040\000\040\140\073\117\123\213\276\213\241\176\246\147\137}{}% 47
\BOOKMARK [1][-]{section.4.1}{\376\377\0004\000.\0001\000\040\150\007\121\306\173\046\124\010\140\047}{chapter.4}% 48
\BOOKMARK [1][-]{section.4.2}{\376\377\0004\000.\0002\000\040\170\154\116\366\176\246\147\137}{chapter.4}% 49
\BOOKMARK [1][-]{section.4.3}{\376\377\0004\000.\0003\000\040\142\200\147\057\226\120\122\066}{chapter.4}% 50
\BOOKMARK [2][-]{subsection.4.3.1}{\376\377\0004\000.\0003\000.\0001\000\040\147\015\122\241\172\357\142\200\147\057\226\120\122\066}{section.4.3}% 51
\BOOKMARK [2][-]{subsection.4.3.2}{\376\377\0004\000.\0003\000.\0002\000\040\133\242\142\067\172\357\142\200\147\057\226\120\122\066}{section.4.3}% 52
\BOOKMARK [0][]{chapter.5}{\376\377\173\054\0005\172\340\000\040\000\040\217\157\116\366\215\050\221\317\162\171\140\047}{}% 53
\BOOKMARK [1][-]{section.5.1}{\376\377\0005\000.\0001\000\040\220\002\136\224\140\047}{chapter.5}% 54
\BOOKMARK [1][-]{section.5.2}{\376\377\0005\000.\0002\000\040\123\357\165\050\140\047}{chapter.5}% 55
\BOOKMARK [1][-]{section.5.3}{\376\377\0005\000.\0003\000\040\153\143\170\156\140\047}{chapter.5}% 56
\BOOKMARK [1][-]{section.5.4}{\376\377\0005\000.\0004\000\040\160\165\155\073\140\047}{chapter.5}% 57
\BOOKMARK [1][-]{section.5.5}{\376\377\0005\000.\0005\000\040\116\244\116\222\135\345\117\134\200\375\122\233}{chapter.5}% 58
\BOOKMARK [1][-]{section.5.6}{\376\377\0005\000.\0006\000\040\123\357\176\364\142\244\140\047}{chapter.5}% 59
\BOOKMARK [1][-]{section.5.7}{\376\377\0005\000.\0007\000\040\123\357\171\373\151\015\140\047}{chapter.5}% 60
\BOOKMARK [1][-]{section.5.8}{\376\377\0005\000.\0008\000\040\123\357\227\140\140\047}{chapter.5}% 61
\BOOKMARK [1][-]{section.5.9}{\376\377\0005\000.\0009\000\040\123\357\221\315\165\050\140\047}{chapter.5}% 62
\BOOKMARK [1][-]{section.5.10}{\376\377\0005\000.\0001\0000\000\040\234\201\203\275\140\047}{chapter.5}% 63
\BOOKMARK [1][-]{section.5.11}{\376\377\0005\000.\0001\0001\000\040\123\357\155\113\213\325\140\047}{chapter.5}% 64
\BOOKMARK [0][]{chapter.6}{\376\377\173\054\0006\172\340\000\040\000\040\121\166\116\326\227\000\154\102}{}% 65
\BOOKMARK [1][-]{section.6.1}{\376\377\0006\000.\0001\000\040\145\160\143\156\136\223}{chapter.6}% 66
\BOOKMARK [2][-]{subsection.6.1.1}{\376\377\0006\000.\0001\000.\0001\000\040\145\207\133\127\213\364\146\016}{section.6.1}% 67
\BOOKMARK [2][-]{subsection.6.1.2}{\376\377\0006\000.\0001\000.\0002\000\040\133\236\117\123\126\376}{section.6.1}% 68
\BOOKMARK [1][-]{section.6.2}{\376\377\0006\000.\0002\000\040\144\315\117\134}{chapter.6}% 69
\BOOKMARK [1][-]{section.6.3}{\376\377\0006\000.\0003\000\040\177\026\170\001\227\000\154\102}{chapter.6}% 70
\BOOKMARK [1][-]{section.6.4}{\376\377\0006\000.\0004\000\040\147\054\127\060\123\026}{chapter.6}% 71
\BOOKMARK [1][-]{section.6.5}{\376\377\0006\000.\0005\000\040\225\031\213\357\131\004\164\006}{chapter.6}% 72
\BOOKMARK [1][-]{section.6.6}{\376\377\0006\000.\0006\000\040\155\113\213\325\227\000\154\102}{chapter.6}% 73
\BOOKMARK [0][]{chapter.7}{\376\377\173\054\0007\172\340\000\040\000\040\117\235\215\126\121\163\174\373}{}% 74
\BOOKMARK [1][-]{subsection.7.0.1}{\376\377\0007\000.\0000\000.\0001\000\040\127\050\176\277\227\363\116\120\144\255\145\076}{chapter.7}% 75
\BOOKMARK [2][-]{subsection.7.0.2}{\376\377\0007\000.\0000\000.\0002\000\040\153\114\123\125\122\033\136\372\000/\153\114\146\362\155\373\122\240\000/\153\114\123\125\122\040\226\144\000/\153\114\123\125\177\026\217\221}{subsection.7.0.1}% 76
\BOOKMARK [2][-]{subsection.7.0.3}{\376\377\0007\000.\0000\000.\0003\000\040\213\304\122\006}{subsection.7.0.1}% 77
\BOOKMARK [2][-]{subsection.7.0.4}{\376\377\0007\000.\0000\000.\0004\000\040\143\250\203\120\153\114\146\362}{subsection.7.0.1}% 78
\BOOKMARK [2][-]{subsection.7.0.5}{\376\377\0007\000.\0000\000.\0005\000\040\122\006\116\253}{subsection.7.0.1}% 79
\BOOKMARK [2][-]{subsection.7.0.6}{\376\377\0007\000.\0000\000.\0006\000\040\227\363\116\120\215\055\116\160\000/\116\013\217\175\000/\116\012\117\040}{subsection.7.0.1}% 80
\BOOKMARK [2][-]{subsection.7.0.7}{\376\377\0007\000.\0000\000.\0007\000\040\143\222\210\114\151\234}{subsection.7.0.1}% 81
\BOOKMARK [0][]{chapter.8}{\376\377\173\054\0008\172\340\000\040\000\040\227\000\154\102\122\006\176\247}{}% 82
\BOOKMARK [0][]{chapter.9}{\376\377\173\054\0009\172\340\000\040\000\040\137\205\170\156\133\232\225\356\230\230}{}% 83
\BOOKMARK [0][]{appendix.A}{\376\377\226\104\137\125\000\040\000A\000\040\000\040\123\357\210\114\140\047\122\006\147\220\176\323\147\234}{}% 84
\BOOKMARK [1][-]{section.A.1}{\376\377\000A\000.\0001\000\040\136\002\127\072\227\000\154\102\122\006\147\220}{appendix.A}% 85
\BOOKMARK [1][-]{section.A.2}{\376\377\000A\000.\0002\000\040\142\200\147\057\123\357\210\114\140\047\122\006\147\220}{appendix.A}% 86
\BOOKMARK [1][-]{section.A.3}{\376\377\000A\000.\0003\000\040\133\211\121\150\123\357\210\114\140\047\122\006\147\220}{appendix.A}% 87
\BOOKMARK [1][-]{section.A.4}{\376\377\000A\000.\0004\000\040\167\345\213\306\116\247\147\103\122\006\147\220}{appendix.A}% 88
\BOOKMARK [0][]{appendix.B}{\376\377\226\104\137\125\000\040\000B\000\040\000\040\227\000\154\102\136\372\152\041\000\040}{}% 89
\BOOKMARK [1][-]{section.B.1}{\376\377\000B\000.\0001\000\040\145\160\143\156\155\101\126\376}{appendix.B}% 90
\BOOKMARK [2][-]{subsection.B.1.1}{\376\377\000B\000.\0001\000.\0001\000\040\230\166\134\102\145\160\143\156\155\101\126\376}{section.B.1}% 91
\BOOKMARK [2][-]{subsection.B.1.2}{\376\377\000B\000.\0001\000.\0002\000\040\0000\134\102\145\160\143\156\155\101\126\376}{section.B.1}% 92
\BOOKMARK [2][-]{subsection.B.1.3}{\376\377\000B\000.\0001\000.\0003\000\040\0001\134\102\145\160\143\156\155\101\126\376}{section.B.1}% 93
\BOOKMARK [1][-]{section.B.2}{\376\377\000B\000.\0002\000\040\145\160\143\156\133\127\121\170}{appendix.B}% 94
\BOOKMARK [2][-]{subsection.B.2.1}{\376\377\000B\000.\0002\000.\0001\000\040\145\160\143\156\155\101\213\364\146\016}{section.B.2}% 95
\BOOKMARK [2][-]{subsection.B.2.2}{\376\377\000B\000.\0002\000.\0002\000\040\145\160\143\156\133\130\120\250\213\364\146\016}{section.B.2}% 96
\BOOKMARK [2][-]{subsection.B.2.3}{\376\377\000B\000.\0002\000.\0003\000\040\122\240\135\345\213\364\146\016}{section.B.2}% 97
